# JRE version: Java(TM) SE Runtime Environment (8.0_151-b12) (build 1.8.0_151-b12)
# Java VM: Java HotSpot(TM) 64-Bit Server VM (25.151-b12 mixed mode bsd-amd64 compressed oops)
Heap:
 PSYoungGen      total 559104K, used 276771K [0x0000000795580000, 0x00000007beb00000, 0x00000007c0000000)
  eden space 457216K, 59% used [0x0000000795580000,0x00000007a61588d8,0x00000007b1400000)
  from space 101888K, 2% used [0x00000007b8780000,0x00000007b89f03c0,0x00000007beb00000)
  to   space 110080K, 0% used [0x00000007b1400000,0x00000007b1400000,0x00000007b7f80000)
 ParOldGen       total 346112K, used 256150K [0x0000000740000000, 0x0000000755200000, 0x0000000795580000)
  object space 346112K, 74% used [0x0000000740000000,0x000000074fa25ad8,0x0000000755200000)
 Metaspace       used 60011K, capacity 61176K, committed 61312K, reserved 1103872K
  class space    used 7162K, capacity 7452K, committed 7552K, reserved 1048576K
GC Heap History (10 events):
Event: 257.682 GC heap before
{Heap before GC invocations=107 (full 5):
 PSYoungGen      total 538112K, used 395792K [0x0000000795580000, 0x00000007bfb80000, 0x00000007c0000000)
  eden space 392192K, 100% used [0x0000000795580000,0x00000007ad480000,0x00000007ad480000)
  from space 145920K, 2% used [0x00000007ad480000,0x00000007ad8042e8,0x00000007b6300000)
  to   space 140800K, 0% used [0x00000007b7200000,0x00000007b7200000,0x00000007bfb80000)
 ParOldGen       total 346112K, used 256150K [0x0000000740000000, 0x0000000755200000, 0x0000000795580000)
  object space 346112K, 74% used [0x0000000740000000,0x000000074fa25ad8,0x0000000755200000)
 Metaspace       used 60011K, capacity 61176K, committed 61312K, reserved 1103872K
  class space    used 7162K, capacity 7452K, committed 7552K, reserved 1048576K
Event: 257.698 GC heap after
Heap after GC invocations=107 (full 5):
 PSYoungGen      total 540160K, used 4317K [0x0000000795580000, 0x00000007bef00000, 0x00000007c0000000)
  eden space 412160K, 0% used [0x0000000795580000,0x0000000795580000,0x00000007ae800000)
  from space 128000K, 3% used [0x00000007b7200000,0x00000007b76374f0,0x00000007bef00000)
  to   space 134656K, 0% used [0x00000007ae800000,0x00000007ae800000,0x00000007b6b80000)
 ParOldGen       total 346112K, used 256150K [0x0000000740000000, 0x0000000755200000, 0x0000000795580000)
  object space 346112K, 74% used [0x0000000740000000,0x000000074fa25ad8,0x0000000755200000)
 Metaspace       used 60011K, capacity 61176K, committed 61312K, reserved 1103872K
  class space    used 7162K, capacity 7452K, committed 7552K, reserved 1048576K
}
Event: 260.311 GC heap before
{Heap before GC invocations=108 (full 5):
 PSYoungGen      total 540160K, used 416477K [0x0000000795580000, 0x00000007bef00000, 0x00000007c0000000)
  eden space 412160K, 100% used [0x0000000795580000,0x00000007ae800000,0x00000007ae800000)
  from space 128000K, 3% used [0x00000007b7200000,0x00000007b76374f0,0x00000007bef00000)
  to   space 134656K, 0% used [0x00000007ae800000,0x00000007ae800000,0x00000007b6b80000)
 ParOldGen       total 346112K, used 256150K [0x0000000740000000, 0x0000000755200000, 0x0000000795580000)
  object space 346112K, 74% used [0x0000000740000000,0x000000074fa25ad8,0x0000000755200000)
 Metaspace       used 60011K, capacity 61176K, committed 61312K, reserved 1103872K
  class space    used 7162K, capacity 7452K, committed 7552K, reserved 1048576K
Event: 260.318 GC heap after
Heap after GC invocations=108 (full 5):
 PSYoungGen      total 546816K, used 6057K [0x0000000795580000, 0x00000007bfa80000, 0x00000007c0000000)
  eden space 412160K, 0% used [0x0000000795580000,0x0000000795580000,0x00000007ae800000)
  from space 134656K, 4% used [0x00000007ae800000,0x00000007aedea7f8,0x00000007b6b80000)
  to   space 128512K, 0% used [0x00000007b7d00000,0x00000007b7d00000,0x00000007bfa80000)
 ParOldGen       total 346112K, used 256150K [0x0000000740000000, 0x0000000755200000, 0x0000000795580000)
  object space 346112K, 74% used [0x0000000740000000,0x000000074fa25ad8,0x0000000755200000)
 Metaspace       used 60011K, capacity 61176K, committed 61312K, reserved 1103872K
  class space    used 7162K, capacity 7452K, committed 7552K, reserved 1048576K
}
Event: 262.566 GC heap before
{Heap before GC invocations=109 (full 5):
 PSYoungGen      total 546816K, used 418217K [0x0000000795580000, 0x00000007bfa80000, 0x00000007c0000000)
  eden space 412160K, 100% used [0x0000000795580000,0x00000007ae800000,0x00000007ae800000)
  from space 134656K, 4% used [0x00000007ae800000,0x00000007aedea7f8,0x00000007b6b80000)
  to   space 128512K, 0% used [0x00000007b7d00000,0x00000007b7d00000,0x00000007bfa80000)
 ParOldGen       total 346112K, used 256150K [0x0000000740000000, 0x0000000755200000, 0x0000000795580000)
  object space 346112K, 74% used [0x0000000740000000,0x000000074fa25ad8,0x0000000755200000)
 Metaspace       used 60011K, capacity 61176K, committed 61312K, reserved 1103872K
  class space    used 7162K, capacity 7452K, committed 7552K, reserved 1048576K
Event: 262.573 GC heap after
Heap after GC invocations=109 (full 5):
 PSYoungGen      total 551424K, used 6087K [0x0000000795580000, 0x00000007bee00000, 0x00000007c0000000)
  eden space 435712K, 0% used [0x0000000795580000,0x0000000795580000,0x00000007aff00000)
  from space 115712K, 5% used [0x00000007b7d00000,0x00000007b82f1e40,0x00000007bee00000)
  to   space 122368K, 0% used [0x00000007aff00000,0x00000007aff00000,0x00000007b7680000)
 ParOldGen       total 346112K, used 256150K [0x0000000740000000, 0x0000000755200000, 0x0000000795580000)
  object space 346112K, 74% used [0x0000000740000000,0x000000074fa25ad8,0x0000000755200000)
 Metaspace       used 60011K, capacity 61176K, committed 61312K, reserved 1103872K
  class space    used 7162K, capacity 7452K, committed 7552K, reserved 1048576K
}
Event: 265.066 GC heap before
{Heap before GC invocations=110 (full 5):
 PSYoungGen      total 551424K, used 441799K [0x0000000795580000, 0x00000007bee00000, 0x00000007c0000000)
  eden space 435712K, 100% used [0x0000000795580000,0x00000007aff00000,0x00000007aff00000)
  from space 115712K, 5% used [0x00000007b7d00000,0x00000007b82f1e40,0x00000007bee00000)
  to   space 122368K, 0% used [0x00000007aff00000,0x00000007aff00000,0x00000007b7680000)
 ParOldGen       total 346112K, used 256150K [0x0000000740000000, 0x0000000755200000, 0x0000000795580000)
  object space 346112K, 74% used [0x0000000740000000,0x000000074fa25ad8,0x0000000755200000)
 Metaspace       used 60011K, capacity 61176K, committed 61312K, reserved 1103872K
  class space    used 7162K, capacity 7452K, committed 7552K, reserved 1048576K
Event: 265.074 GC heap after
Heap after GC invocations=110 (full 5):
 PSYoungGen      total 558080K, used 7274K [0x0000000795580000, 0x00000007bf880000, 0x00000007c0000000)
  eden space 435712K, 0% used [0x0000000795580000,0x0000000795580000,0x00000007aff00000)
  from space 122368K, 5% used [0x00000007aff00000,0x00000007b061aa28,0x00000007b7680000)
  to   space 115712K, 0% used [0x00000007b8780000,0x00000007b8780000,0x00000007bf880000)
 ParOldGen       total 346112K, used 256150K [0x0000000740000000, 0x0000000755200000, 0x0000000795580000)
  object space 346112K, 74% used [0x0000000740000000,0x000000074fa25ad8,0x0000000755200000)
 Metaspace       used 60011K, capacity 61176K, committed 61312K, reserved 1103872K
  class space    used 7162K, capacity 7452K, committed 7552K, reserved 1048576K
}
Event: 267.252 GC heap before
{Heap before GC invocations=111 (full 5):
 PSYoungGen      total 558080K, used 442986K [0x0000000795580000, 0x00000007bf880000, 0x00000007c0000000)
  eden space 435712K, 100% used [0x0000000795580000,0x00000007aff00000,0x00000007aff00000)
  from space 122368K, 5% used [0x00000007aff00000,0x00000007b061aa28,0x00000007b7680000)
  to   space 115712K, 0% used [0x00000007b8780000,0x00000007b8780000,0x00000007bf880000)
 ParOldGen       total 346112K, used 256150K [0x0000000740000000, 0x0000000755200000, 0x0000000795580000)
  object space 346112K, 74% used [0x0000000740000000,0x000000074fa25ad8,0x0000000755200000)
 Metaspace       used 60011K, capacity 61176K, committed 61312K, reserved 1103872K
  class space    used 7162K, capacity 7452K, committed 7552K, reserved 1048576K
Event: 267.257 GC heap after
Heap after GC invocations=111 (full 5):
 PSYoungGen      total 559104K, used 2496K [0x0000000795580000, 0x00000007beb00000, 0x00000007c0000000)
  eden space 457216K, 0% used [0x0000000795580000,0x0000000795580000,0x00000007b1400000)
  from space 101888K, 2% used [0x00000007b8780000,0x00000007b89f03c0,0x00000007beb00000)
  to   space 110080K, 0% used [0x00000007b1400000,0x00000007b1400000,0x00000007b7f80000)
 ParOldGen       total 346112K, used 256150K [0x0000000740000000, 0x0000000755200000, 0x0000000795580000)
  object space 346112K, 74% used [0x0000000740000000,0x000000074fa25ad8,0x0000000755200000)
 Metaspace       used 60011K, capacity 61176K, committed 61312K, reserved 1103872K
  class space    used 7162K, capacity 7452K, committed 7552K, reserved 1048576K
}

